Flow report for EmbeddedProj2
Thu Dec 20 15:29:41 2018
Quartus Prime Version 15.1.0 Build 185 10/21/2015 SJ Lite Edition


---------------------
; Table of Contents ;
---------------------
  1. Legal Notice
  2. Flow Summary
  3. Flow Settings
  4. Flow Non-Default Global Settings
  5. Flow Elapsed Time
  6. Flow OS Summary
  7. Flow Log
  8. Flow Messages
  9. Flow Suppressed Messages



----------------
; Legal Notice ;
----------------
Copyright (C) 1991-2015 Altera Corporation. All rights reserved.
Your use of Altera Corporation's design tools, logic functions 
and other software and tools, and its AMPP partner logic 
functions, and any output files from any of the foregoing 
(including device programming or simulation files), and any 
associated documentation or information are expressly subject 
to the terms and conditions of the Altera Program License 
Subscription Agreement, the Altera Quartus Prime License Agreement,
the Altera MegaCore Function License Agreement, or other 
applicable license agreement, including, without limitation, 
that your use is for the sole purpose of programming logic 
devices manufactured by Altera and sold by Altera or its 
authorized distributors.  Please refer to the applicable 
agreement for further details.



+-------------------------------------------------------------------------------+
; Flow Summary                                                                  ;
+---------------------------------+---------------------------------------------+
; Flow Status                     ; Successful - Thu Dec 20 15:29:41 2018       ;
; Quartus Prime Version           ; 15.1.0 Build 185 10/21/2015 SJ Lite Edition ;
; Revision Name                   ; EmbeddedProj2                               ;
; Top-level Entity Name           ; Trial2                                      ;
; Family                          ; Cyclone V                                   ;
; Device                          ; 5CSEMA5F31C6                                ;
; Timing Models                   ; Final                                       ;
; Logic utilization (in ALMs)     ; 139 / 32,070 ( < 1 % )                      ;
; Total registers                 ; 204                                         ;
; Total pins                      ; 71 / 457 ( 16 % )                           ;
; Total virtual pins              ; 0                                           ;
; Total block memory bits         ; 64 / 4,065,280 ( < 1 % )                    ;
; Total DSP Blocks                ; 0 / 87 ( 0 % )                              ;
; Total HSSI RX PCSs              ; 0                                           ;
; Total HSSI PMA RX Deserializers ; 0                                           ;
; Total HSSI TX PCSs              ; 0                                           ;
; Total HSSI PMA TX Serializers   ; 0                                           ;
; Total PLLs                      ; 0 / 6 ( 0 % )                               ;
; Total DLLs                      ; 0 / 4 ( 0 % )                               ;
+---------------------------------+---------------------------------------------+


+-----------------------------------------+
; Flow Settings                           ;
+-------------------+---------------------+
; Option            ; Setting             ;
+-------------------+---------------------+
; Start date & time ; 12/20/2018 00:50:10 ;
; Main task         ; Compilation         ;
; Revision Name     ; EmbeddedProj2       ;
+-------------------+---------------------+


+----------------------------------------------------------------------------------------------------------------------------+
; Flow Non-Default Global Settings                                                                                           ;
+-------------------------------------+---------------------------------------+---------------+-------------+----------------+
; Assignment Name                     ; Value                                 ; Default Value ; Entity Name ; Section Id     ;
+-------------------------------------+---------------------------------------+---------------+-------------+----------------+
; COMPILER_SIGNATURE_ID               ; 53214321500294.154525981010308        ; --            ; --          ; --             ;
; EDA_OUTPUT_DATA_FORMAT              ; Systemverilog Hdl                     ; --            ; --          ; eda_simulation ;
; EDA_SIMULATION_TOOL                 ; ModelSim-Altera (SystemVerilog)       ; <None>        ; --          ; --             ;
; MAX_CORE_JUNCTION_TEMP              ; 85                                    ; --            ; --          ; --             ;
; MIN_CORE_JUNCTION_TEMP              ; 0                                     ; --            ; --          ; --             ;
; MISC_FILE                           ; InstructionMemory.bsf                 ; --            ; --          ; --             ;
; MISC_FILE                           ; InstructionMemory_bb.v                ; --            ; --          ; --             ;
; MISC_FILE                           ; DataMemory.bsf                        ; --            ; --          ; --             ;
; MISC_FILE                           ; DataMemory_bb.v                       ; --            ; --          ; --             ;
; MISC_FILE                           ; InstructionMemory2.bsf                ; --            ; --          ; --             ;
; MISC_FILE                           ; InstructionMemory2_bb.v               ; --            ; --          ; --             ;
; MISC_FILE                           ; MyInstructionMemory.bsf               ; --            ; --          ; --             ;
; MISC_FILE                           ; MyInstructionMemory_bb.v              ; --            ; --          ; --             ;
; PARTITION_COLOR                     ; 16764057                              ; --            ; Trial2      ; Top            ;
; PARTITION_FITTER_PRESERVATION_LEVEL ; PLACEMENT_AND_ROUTING                 ; --            ; Trial2      ; Top            ;
; PARTITION_NETLIST_TYPE              ; SOURCE                                ; --            ; Trial2      ; Top            ;
; POWER_BOARD_THERMAL_MODEL           ; None (CONSERVATIVE)                   ; --            ; --          ; --             ;
; POWER_PRESET_COOLING_SOLUTION       ; 23 MM HEAT SINK WITH 200 LFPM AIRFLOW ; --            ; --          ; --             ;
; PROJECT_OUTPUT_DIRECTORY            ; output_files                          ; --            ; --          ; --             ;
; TOP_LEVEL_ENTITY                    ; Trial2                                ; EmbeddedProj2 ; --          ; --             ;
+-------------------------------------+---------------------------------------+---------------+-------------+----------------+


+-------------------------------------------------------------------------------------------------------------------------------+
; Flow Elapsed Time                                                                                                             ;
+---------------------------+--------------+-------------------------+---------------------+------------------------------------+
; Module Name               ; Elapsed Time ; Average Processors Used ; Peak Virtual Memory ; Total CPU Time (on all processors) ;
+---------------------------+--------------+-------------------------+---------------------+------------------------------------+
; Analysis & Synthesis      ; 00:00:10     ; 1.0                     ; 4998 MB             ; 00:00:24                           ;
; Fitter                    ; 00:00:59     ; 1.0                     ; 6706 MB             ; 00:01:15                           ;
; Assembler                 ; 00:00:11     ; 1.0                     ; 5015 MB             ; 00:00:10                           ;
; TimeQuest Timing Analyzer ; 00:00:11     ; 1.0                     ; 5526 MB             ; 00:00:11                           ;
; EDA Netlist Writer        ; 00:00:02     ; 1.0                     ; 4926 MB             ; 00:00:01                           ;
; EDA Netlist Writer        ; 00:00:01     ; 1.0                     ; 4896 MB             ; 00:00:01                           ;
; EDA Netlist Writer        ; 00:00:01     ; 1.0                     ; 4904 MB             ; 00:00:01                           ;
; EDA Netlist Writer        ; 00:00:05     ; 1.0                     ; 4896 MB             ; 00:00:04                           ;
; EDA Netlist Writer        ; 00:00:05     ; 1.0                     ; 4904 MB             ; 00:00:04                           ;
; Total                     ; 00:01:45     ; --                      ; --                  ; 00:02:11                           ;
+---------------------------+--------------+-------------------------+---------------------+------------------------------------+


+----------------------------------------------------------------------------------------+
; Flow OS Summary                                                                        ;
+---------------------------+------------------+-----------+------------+----------------+
; Module Name               ; Machine Hostname ; OS Name   ; OS Version ; Processor type ;
+---------------------------+------------------+-----------+------------+----------------+
; Analysis & Synthesis      ; Meadows          ; Windows 8 ; 6.2        ; x86_64         ;
; Fitter                    ; Meadows          ; Windows 8 ; 6.2        ; x86_64         ;
; Assembler                 ; Meadows          ; Windows 8 ; 6.2        ; x86_64         ;
; TimeQuest Timing Analyzer ; Meadows          ; Windows 8 ; 6.2        ; x86_64         ;
; EDA Netlist Writer        ; Meadows          ; Windows 8 ; 6.2        ; x86_64         ;
; EDA Netlist Writer        ; Meadows          ; Windows 8 ; 6.2        ; x86_64         ;
; EDA Netlist Writer        ; Meadows          ; Windows 8 ; 6.2        ; x86_64         ;
; EDA Netlist Writer        ; Meadows          ; Windows 8 ; 6.2        ; x86_64         ;
; EDA Netlist Writer        ; Meadows          ; Windows 8 ; 6.2        ; x86_64         ;
+---------------------------+------------------+-----------+------------+----------------+


------------
; Flow Log ;
------------
quartus_map --read_settings_files=on --write_settings_files=off EmbeddedProj2 -c EmbeddedProj2
quartus_fit --read_settings_files=off --write_settings_files=off EmbeddedProj2 -c EmbeddedProj2
quartus_asm --read_settings_files=off --write_settings_files=off EmbeddedProj2 -c EmbeddedProj2
quartus_sta EmbeddedProj2 -c EmbeddedProj2
quartus_eda --read_settings_files=off --write_settings_files=off EmbeddedProj2 -c EmbeddedProj2
quartus_eda --gen_testbench --tool=modelsim_oem --format=verilog --write_settings_files=off EmbeddedProj2 -c EmbeddedProj2 --vector_source=D:/Altera/Embedded2/Waveform38.vwf --testbench_file=D:/Altera/Embedded2/simulation/qsim/Waveform38.vwf.vt
quartus_eda --write_settings_files=off --functional=on --flatten_buses=off --simulation=on --tool=modelsim_oem --format=verilog --output_directory=D:/Altera/Embedded2/simulation/qsim/ EmbeddedProj2 -c EmbeddedProj2
quartus_eda --gen_testbench --tool=modelsim_oem --format=verilog --write_settings_files=off EmbeddedProj2 -c EmbeddedProj2 --vector_source=D:/Altera/Embedded2/Waveform39.vwf --testbench_file=D:/Altera/Embedded2/simulation/qsim/Waveform39.vwf.vt
quartus_eda --write_settings_files=off --functional=on --flatten_buses=off --simulation=on --tool=modelsim_oem --format=verilog --output_directory=D:/Altera/Embedded2/simulation/qsim/ EmbeddedProj2 -c EmbeddedProj2



